Content-Type: multipart/alternative;
 boundary="===============8373671122524335818=="
MIME-Version: 1.0
Subject: Profile activation
From: test@example.com
To: harsh.shah027@gmail.com
Date: Wed, 10 Jul 2019 06:38:14 -0000
Message-ID: <156274069473.3092.5898529151278087595@HARSH-PC>

--===============8373671122524335818==
Content-Type: text/plain; charset="utf-8"
MIME-Version: 1.0
Content-Transfer-Encoding: 7bit



To activate your profile, please follow this link:

http://localhost:8000/accounts/activate/YYnZuG2x1eyOiH3tVlIZ/

--===============8373671122524335818==
Content-Type: text/html; charset="utf-8"
MIME-Version: 1.0
Content-Transfer-Encoding: 7bit



<!DOCTYPE html PUBLIC "-//W3C//DTD XHTML 1.0 Transitional//EN"
        "http://www.w3.org/TR/xhtml1/DTD/xhtml1-transitional.dtd">
<html xmlns="http://www.w3.org/1999/xhtml">
<head>
    <meta http-equiv="Content-Type" content="text/html; charset=UTF-8"/>
    <title>Profile activation</title>
    <meta name="viewport" content="width=device-width, initial-scale=1.0"/>
</head>

<body>

<p>
    To activate your profile, please follow this link:
</p>

<p>
    <a href="http://localhost:8000/accounts/activate/YYnZuG2x1eyOiH3tVlIZ/">http://localhost:8000/accounts/activate/YYnZuG2x1eyOiH3tVlIZ/</a>
</p>

</body>

</html>

--===============8373671122524335818==--

-------------------------------------------------------------------------------
