Content-Type: multipart/alternative;
 boundary="===============1743221738570536092=="
MIME-Version: 1.0
Subject: Profile activation
From: test@example.com
To: harsh.shah@gmail.com
Date: Sat, 22 Jun 2019 07:52:51 -0000
Message-ID: <156118997130.13576.131632648970530537@HARSH-PC>

--===============1743221738570536092==
Content-Type: text/plain; charset="utf-8"
MIME-Version: 1.0
Content-Transfer-Encoding: 7bit



To activate your profile, please follow this link:

http://127.0.0.1:8000/accounts/activate/vnuJ6SOlY7yVndqrxS0N/

--===============1743221738570536092==
Content-Type: text/html; charset="utf-8"
MIME-Version: 1.0
Content-Transfer-Encoding: 7bit



<!DOCTYPE html PUBLIC "-//W3C//DTD XHTML 1.0 Transitional//EN"
        "http://www.w3.org/TR/xhtml1/DTD/xhtml1-transitional.dtd">
<html xmlns="http://www.w3.org/1999/xhtml">
<head>
    <meta http-equiv="Content-Type" content="text/html; charset=UTF-8"/>
    <title>Profile activation</title>
    <meta name="viewport" content="width=device-width, initial-scale=1.0"/>
</head>

<body>

<p>
    To activate your profile, please follow this link:
</p>

<p>
    <a href="http://127.0.0.1:8000/accounts/activate/vnuJ6SOlY7yVndqrxS0N/">http://127.0.0.1:8000/accounts/activate/vnuJ6SOlY7yVndqrxS0N/</a>
</p>

</body>

</html>

--===============1743221738570536092==--

-------------------------------------------------------------------------------
