Content-Type: multipart/alternative;
 boundary="===============1473921733597561296=="
MIME-Version: 1.0
Subject: Profile activation
From: test@example.com
To: chirag@gmail.com
Date: Sat, 22 Jun 2019 06:48:44 -0000
Message-ID: <156118612421.8892.6682926083304142989@HARSH-PC>

--===============1473921733597561296==
Content-Type: text/plain; charset="utf-8"
MIME-Version: 1.0
Content-Transfer-Encoding: 7bit



To activate your profile, please follow this link:

http://127.0.0.1:8000/accounts/activate/6f0VCGvYNNhIFJ5fZ7qp/

--===============1473921733597561296==
Content-Type: text/html; charset="utf-8"
MIME-Version: 1.0
Content-Transfer-Encoding: 7bit



<!DOCTYPE html PUBLIC "-//W3C//DTD XHTML 1.0 Transitional//EN"
        "http://www.w3.org/TR/xhtml1/DTD/xhtml1-transitional.dtd">
<html xmlns="http://www.w3.org/1999/xhtml">
<head>
    <meta http-equiv="Content-Type" content="text/html; charset=UTF-8"/>
    <title>Profile activation</title>
    <meta name="viewport" content="width=device-width, initial-scale=1.0"/>
</head>

<body>

<p>
    To activate your profile, please follow this link:
</p>

<p>
    <a href="http://127.0.0.1:8000/accounts/activate/6f0VCGvYNNhIFJ5fZ7qp/">http://127.0.0.1:8000/accounts/activate/6f0VCGvYNNhIFJ5fZ7qp/</a>
</p>

</body>

</html>

--===============1473921733597561296==--

-------------------------------------------------------------------------------
